<?xml version="1.0" encoding="UTF-8"?>
<!-- Generated by org.testng.reporters.JUnitXMLReporter -->
<testsuite hostname="INFPU013458" ignored="0" name="Default test" tests="5" failures="0" timestamp="06 Jun 2017 06:02:32 GMT" time="19.374" errors="0">
  <testcase name="verifyPageTitle" time="0.015" classname="com.MSDS_test.LoginTest"/>
  <testcase name="verifyLoginPage" time="1.222" classname="com.MSDS_test.LoginTest"/>
  <testcase name="enterBlankLoginDetails" time="0.296" classname="com.MSDS_test.LoginTest"/>
  <testcase name="enter_WrongLoginDetails" time="0.388" classname="com.MSDS_test.LoginTest"/>
  <testcase name="enter_CorrectLoginDetails" time="4.993" classname="com.MSDS_test.LoginTest"/>
</testsuite> <!-- Default test -->
