<?xml version="1.0" encoding="UTF-8"?>
<testng-results skipped="0" failed="0" ignored="0" total="5" passed="5">
  <reporter-output>
  </reporter-output>
  <suite name="Default suite" duration-ms="19374" started-at="2017-06-06T06:02:13Z" finished-at="2017-06-06T06:02:32Z">
    <groups>
    </groups>
    <test name="Default test" duration-ms="19374" started-at="2017-06-06T06:02:13Z" finished-at="2017-06-06T06:02:32Z">
      <class name="com.MSDS_test.LoginTest">
        <test-method status="PASS" signature="beforeClass()[pri:0, instance:com.MSDS_test.LoginTest@1753acfe]" name="beforeClass" is-config="true" duration-ms="12441" started-at="2017-06-06T11:32:13Z" finished-at="2017-06-06T11:32:26Z">
          <reporter-output>
          </reporter-output>
        </test-method> <!-- beforeClass -->
        <test-method status="PASS" signature="verifyPageTitle()[pri:0, instance:com.MSDS_test.LoginTest@1753acfe]" name="verifyPageTitle" duration-ms="15" started-at="2017-06-06T11:32:26Z" finished-at="2017-06-06T11:32:26Z">
          <reporter-output>
          </reporter-output>
        </test-method> <!-- verifyPageTitle -->
        <test-method status="PASS" signature="verifyLoginPage()[pri:1, instance:com.MSDS_test.LoginTest@1753acfe]" name="verifyLoginPage" duration-ms="1222" started-at="2017-06-06T11:32:26Z" finished-at="2017-06-06T11:32:27Z">
          <reporter-output>
          </reporter-output>
        </test-method> <!-- verifyLoginPage -->
        <test-method status="PASS" signature="enterBlankLoginDetails()[pri:2, instance:com.MSDS_test.LoginTest@1753acfe]" name="enterBlankLoginDetails" duration-ms="296" started-at="2017-06-06T11:32:27Z" finished-at="2017-06-06T11:32:27Z">
          <reporter-output>
          </reporter-output>
        </test-method> <!-- enterBlankLoginDetails -->
        <test-method status="PASS" signature="enter_WrongLoginDetails()[pri:3, instance:com.MSDS_test.LoginTest@1753acfe]" name="enter_WrongLoginDetails" duration-ms="388" started-at="2017-06-06T11:32:27Z" finished-at="2017-06-06T11:32:27Z">
          <reporter-output>
          </reporter-output>
        </test-method> <!-- enter_WrongLoginDetails -->
        <test-method status="PASS" signature="enter_CorrectLoginDetails()[pri:4, instance:com.MSDS_test.LoginTest@1753acfe]" name="enter_CorrectLoginDetails" duration-ms="4993" started-at="2017-06-06T11:32:27Z" finished-at="2017-06-06T11:32:32Z">
          <reporter-output>
          </reporter-output>
        </test-method> <!-- enter_CorrectLoginDetails -->
        <test-method status="PASS" signature="afterClass()[pri:0, instance:com.MSDS_test.LoginTest@1753acfe]" name="afterClass" is-config="true" duration-ms="0" started-at="2017-06-06T11:32:32Z" finished-at="2017-06-06T11:32:32Z">
          <reporter-output>
          </reporter-output>
        </test-method> <!-- afterClass -->
      </class> <!-- com.MSDS_test.LoginTest -->
    </test> <!-- Default test -->
  </suite> <!-- Default suite -->
</testng-results>
